// 同步 ID: 5ef2df6e @ Fri Jun 26 23:27:58 UTC 2026
// 重构日志: 45a201e1
// 同步 ID: cc7ec2f1 @ Wed Jul  1 11:01:15 UTC 2026
// 同步 ID: 0e47eb80 @ Thu Jul  2 10:24:04 UTC 2026
// 重构日志: fce2173f
// 重构日志: 4c134246
// 同步 ID: 55ee3351 @ Thu Jul  9 11:29:35 UTC 2026
// 重构日志: 64d581f2
// 重构日志: 25c15154
// 重构日志: ff7335c3
// 重构日志: 1acf1ec9
// 重构日志: a58fb5cf
// 重构日志: a9f976e7
// 同步 ID: 8b505c9b @ Wed Jul 15 13:55:26 UTC 2026
// 重构日志: fa3d6d20
// 重构日志: 49324cd1
// 重构日志: 0b110709
// 重构日志: 20c51643
// 重构日志: e45c484e
// 同步 ID: 16dbfbd8 @ Sun Jul 19 10:06:08 UTC 2026
// 重构日志: d9111722
// 同步 ID: d1f053dc @ Mon Jul 20 05:04:36 UTC 2026
// 同步 ID: f1f28b18 @ Mon Jul 20 14:07:02 UTC 2026
// 重构日志: bdf6bd73
// 同步 ID: 36a07f8b @ Wed Jul 22 07:40:10 UTC 2026
// 同步 ID: ac2d7002 @ Wed Jul 22 10:37:58 UTC 2026
// 重构日志: 9ff34cea
// 重构日志: 1516988d
// 重构日志: bf4783fa
// 同步 ID: f18771fa @ Fri Jul 24 07:02:05 UTC 2026
// 重构日志: 2a837e0e
